#
# There is insufficient memory for the Java Runtime Environment to continue.
# Native memory allocation (malloc) failed to allocate 32744 bytes for ChunkPool::allocate
# Possible reasons:
#   The system is out of physical RAM or swap space
#   The process is running with CompressedOops enabled, and the Java Heap may be blocking the growth of the native heap
# Possible solutions:
#   Reduce memory load on the system
#   Increase physical memory or swap space
#   Check if swap backing store is full
#   Decrease Java heap size (-Xmx/-Xms)
#   Decrease number of Java threads
#   Decrease Java thread stack sizes (-Xss)
#   Set larger code cache with -XX:ReservedCodeCacheSize=
#   JVM is running with Unscaled Compressed Oops mode in which the Java heap is
#     placed in the first 4GB address space. The Java Heap base address is the
#     maximum limit for the native heap growth. Please use -XX:HeapBaseMinAddress
#     to set the Java Heap base and to place the Java Heap above 4GB virtual address.
# This output file may be truncated or incomplete.
#
#  Out of Memory Error (arena.cpp:78), pid=21460, tid=22672
#
# JRE version: Java(TM) SE Runtime Environment (17.0.10+11) (build 17.0.10+11-LTS-240)
# Java VM: Java HotSpot(TM) 64-Bit Server VM (17.0.10+11-LTS-240, mixed mode, sharing, tiered, compressed oops, compressed class ptrs, g1 gc, windows-amd64)
# No core dump will be written. Minidumps are not enabled by default on client versions of Windows
#

---------------  S U M M A R Y ------------

Command Line: -Xmx64m -Xms64m -Dorg.gradle.appname=gradlew org.gradle.wrapper.GradleWrapperMain app:installDebug -PreactNativeDevServerPort=8081

Host: Intel(R) Core(TM) i5-8365U CPU @ 1.60GHz, 8 cores, 15G,  Windows 10 , 64 bit Build 19041 (10.0.19041.4957)
Time: Wed Nov 13 23:46:05 2024 Pakistan Standard Time elapsed time: 1.134923 seconds (0d 0h 0m 1s)

---------------  T H R E A D  ---------------

Current thread (0x000001f5f87c7820):  JavaThread "C2 CompilerThread0" daemon [_thread_in_native, id=22672, stack(0x00000070ba200000,0x00000070ba300000)]


Current CompileTask:
C2:   1135  148       4       java.lang.CharacterDataLatin1::toUpperCaseEx (71 bytes)

Stack: [0x00000070ba200000,0x00000070ba300000]
Native frames: (J=compiled Java code, j=interpreted, Vv=VM code, C=native code)
V  [jvm.dll+0x677a5a]
V  [jvm.dll+0x7d8b2d]
V  [jvm.dll+0x7da48e]
V  [jvm.dll+0x7daaf3]
V  [jvm.dll+0x2455ff]
V  [jvm.dll+0xaad50]
V  [jvm.dll+0xab09c]
V  [jvm.dll+0x5613ab]
V  [jvm.dll+0x1bb06b]
V  [jvm.dll+0x217aa7]
V  [jvm.dll+0x216d81]
V  [jvm.dll+0x1a3410]
V  [jvm.dll+0x226aeb]
V  [jvm.dll+0x224cab]
V  [jvm.dll+0x78e45c]
V  [jvm.dll+0x78888a]
V  [jvm.dll+0x676935]
C  [ucrtbase.dll+0x21bb2]
C  [KERNEL32.DLL+0x17374]
C  [ntdll.dll+0x4cc91]


---------------  P R O C E S S  ---------------

Threads class SMR info:
_java_thread_list=0x000001f5f8803e40, length=12, elements={
0x000001f5df04a1d0, 0x000001f5f87acb10, 0x000001f5f87ad990, 0x000001f5f87c28d0,
0x000001f5f87c53a0, 0x000001f5f87c5d60, 0x000001f5f87c6720, 0x000001f5f87c7820,
0x000001f5f87c82d0, 0x000001f5f87cace0, 0x000001f5f8894b10, 0x000001f5f889a460
}

Java Threads: ( => current thread )
  0x000001f5df04a1d0 JavaThread "main" [_thread_in_vm, id=24788, stack(0x00000070b9400000,0x00000070b9500000)]
  0x000001f5f87acb10 JavaThread "Reference Handler" daemon [_thread_blocked, id=25668, stack(0x00000070b9c00000,0x00000070b9d00000)]
  0x000001f5f87ad990 JavaThread "Finalizer" daemon [_thread_blocked, id=15756, stack(0x00000070b9d00000,0x00000070b9e00000)]
  0x000001f5f87c28d0 JavaThread "Signal Dispatcher" daemon [_thread_blocked, id=15460, stack(0x00000070b9e00000,0x00000070b9f00000)]
  0x000001f5f87c53a0 JavaThread "Attach Listener" daemon [_thread_blocked, id=14248, stack(0x00000070b9f00000,0x00000070ba000000)]
  0x000001f5f87c5d60 JavaThread "Service Thread" daemon [_thread_blocked, id=24648, stack(0x00000070ba000000,0x00000070ba100000)]
  0x000001f5f87c6720 JavaThread "Monitor Deflation Thread" daemon [_thread_blocked, id=22092, stack(0x00000070ba100000,0x00000070ba200000)]
=>0x000001f5f87c7820 JavaThread "C2 CompilerThread0" daemon [_thread_in_native, id=22672, stack(0x00000070ba200000,0x00000070ba300000)]
  0x000001f5f87c82d0 JavaThread "C1 CompilerThread0" daemon [_thread_blocked, id=12152, stack(0x00000070ba300000,0x00000070ba400000)]
  0x000001f5f87cace0 JavaThread "Sweeper thread" daemon [_thread_blocked, id=27512, stack(0x00000070ba400000,0x00000070ba500000)]
  0x000001f5f8894b10 JavaThread "Notification Thread" daemon [_thread_blocked, id=27640, stack(0x00000070ba500000,0x00000070ba600000)]
  0x000001f5f889a460 JavaThread "Common-Cleaner" daemon [_thread_blocked, id=24116, stack(0x00000070ba700000,0x00000070ba800000)]

Other Threads:
  0x000001f5f87a2e80 VMThread "VM Thread" [stack: 0x00000070b9b00000,0x00000070b9c00000] [id=13636]
  0x000001f5f8897000 WatcherThread [stack: 0x00000070ba600000,0x00000070ba700000] [id=23700]
  0x000001f5df068c90 GCTaskThread "GC Thread#0" [stack: 0x00000070b9600000,0x00000070b9700000] [id=17760]
  0x000001f5df06a3f0 ConcurrentGCThread "G1 Main Marker" [stack: 0x00000070b9700000,0x00000070b9800000] [id=17888]
  0x000001f5df06ae00 ConcurrentGCThread "G1 Conc#0" [stack: 0x00000070b9800000,0x00000070b9900000] [id=23568]
  0x000001f5df0c7920 ConcurrentGCThread "G1 Refine#0" [stack: 0x00000070b9900000,0x00000070b9a00000] [id=21904]
  0x000001f5df0c8350 ConcurrentGCThread "G1 Service" [stack: 0x00000070b9a00000,0x00000070b9b00000] [id=26340]

Threads with active compile tasks:
C2 CompilerThread0     1177  148       4       java.lang.CharacterDataLatin1::toUpperCaseEx (71 bytes)

VM state: not at safepoint (normal execution)

VM Mutex/Monitor currently owned by a thread: None

Heap address: 0x00000000fc000000, size: 64 MB, Compressed Oops mode: 32-bit

CDS archive(s) mapped at: [0x000001f580000000-0x000001f580bd0000-0x000001f580bd0000), size 12386304, SharedBaseAddress: 0x000001f580000000, ArchiveRelocationMode: 1.
Compressed class space mapped at: 0x000001f581000000-0x000001f5c1000000, reserved size: 1073741824
Narrow klass base: 0x000001f580000000, Narrow klass shift: 0, Narrow klass range: 0x100000000

GC Precious Log:
 CPUs: 8 total, 8 available
 Memory: 16198M
 Large Page Support: Disabled
 NUMA Support: Disabled
 Compressed Oops: Enabled (32-bit)
 Heap Region Size: 1M
 Heap Min Capacity: 64M
 Heap Initial Capacity: 64M
 Heap Max Capacity: 64M
 Pre-touch: Disabled
 Parallel Workers: 8
 Concurrent Workers: 2
 Concurrent Refinement Workers: 8
 Periodic GC: Disabled

Heap:
 garbage-first heap   total 65536K, used 2048K [0x00000000fc000000, 0x0000000100000000)
  region size 1024K, 3 young (3072K), 0 survivors (0K)
 Metaspace       used 1087K, committed 1280K, reserved 1114112K
  class space    used 110K, committed 192K, reserved 1048576K

Heap Regions: E=young(eden), S=young(survivor), O=old, HS=humongous(starts), HC=humongous(continues), CS=collection set, F=free, OA=open archive, CA=closed archive, TAMS=top-at-mark-start (previous, next)
|   0|0x00000000fc000000, 0x00000000fc000000, 0x00000000fc100000|  0%| F|  |TAMS 0x00000000fc000000, 0x00000000fc000000| Untracked 
|   1|0x00000000fc100000, 0x00000000fc100000, 0x00000000fc200000|  0%| F|  |TAMS 0x00000000fc100000, 0x00000000fc100000| Untracked 
|   2|0x00000000fc200000, 0x00000000fc200000, 0x00000000fc300000|  0%| F|  |TAMS 0x00000000fc200000, 0x00000000fc200000| Untracked 
|   3|0x00000000fc300000, 0x00000000fc300000, 0x00000000fc400000|  0%| F|  |TAMS 0x00000000fc300000, 0x00000000fc300000| Untracked 
|   4|0x00000000fc400000, 0x00000000fc400000, 0x00000000fc500000|  0%| F|  |TAMS 0x00000000fc400000, 0x00000000fc400000| Untracked 
|   5|0x00000000fc500000, 0x00000000fc500000, 0x00000000fc600000|  0%| F|  |TAMS 0x00000000fc500000, 0x00000000fc500000| Untracked 
|   6|0x00000000fc600000, 0x00000000fc600000, 0x00000000fc700000|  0%| F|  |TAMS 0x00000000fc600000, 0x00000000fc600000| Untracked 
|   7|0x00000000fc700000, 0x00000000fc700000, 0x00000000fc800000|  0%| F|  |TAMS 0x00000000fc700000, 0x00000000fc700000| Untracked 
|   8|0x00000000fc800000, 0x00000000fc800000, 0x00000000fc900000|  0%| F|  |TAMS 0x00000000fc800000, 0x00000000fc800000| Untracked 
|   9|0x00000000fc900000, 0x00000000fc900000, 0x00000000fca00000|  0%| F|  |TAMS 0x00000000fc900000, 0x00000000fc900000| Untracked 
|  10|0x00000000fca00000, 0x00000000fca00000, 0x00000000fcb00000|  0%| F|  |TAMS 0x00000000fca00000, 0x00000000fca00000| Untracked 
|  11|0x00000000fcb00000, 0x00000000fcb00000, 0x00000000fcc00000|  0%| F|  |TAMS 0x00000000fcb00000, 0x00000000fcb00000| Untracked 
|  12|0x00000000fcc00000, 0x00000000fcc00000, 0x00000000fcd00000|  0%| F|  |TAMS 0x00000000fcc00000, 0x00000000fcc00000| Untracked 
|  13|0x00000000fcd00000, 0x00000000fcd00000, 0x00000000fce00000|  0%| F|  |TAMS 0x00000000fcd00000, 0x00000000fcd00000| Untracked 
|  14|0x00000000fce00000, 0x00000000fce00000, 0x00000000fcf00000|  0%| F|  |TAMS 0x00000000fce00000, 0x00000000fce00000| Untracked 
|  15|0x00000000fcf00000, 0x00000000fcf00000, 0x00000000fd000000|  0%| F|  |TAMS 0x00000000fcf00000, 0x00000000fcf00000| Untracked 
|  16|0x00000000fd000000, 0x00000000fd000000, 0x00000000fd100000|  0%| F|  |TAMS 0x00000000fd000000, 0x00000000fd000000| Untracked 
|  17|0x00000000fd100000, 0x00000000fd100000, 0x00000000fd200000|  0%| F|  |TAMS 0x00000000fd100000, 0x00000000fd100000| Untracked 
|  18|0x00000000fd200000, 0x00000000fd200000, 0x00000000fd300000|  0%| F|  |TAMS 0x00000000fd200000, 0x00000000fd200000| Untracked 
|  19|0x00000000fd300000, 0x00000000fd300000, 0x00000000fd400000|  0%| F|  |TAMS 0x00000000fd300000, 0x00000000fd300000| Untracked 
|  20|0x00000000fd400000, 0x00000000fd400000, 0x00000000fd500000|  0%| F|  |TAMS 0x00000000fd400000, 0x00000000fd400000| Untracked 
|  21|0x00000000fd500000, 0x00000000fd500000, 0x00000000fd600000|  0%| F|  |TAMS 0x00000000fd500000, 0x00000000fd500000| Untracked 
|  22|0x00000000fd600000, 0x00000000fd600000, 0x00000000fd700000|  0%| F|  |TAMS 0x00000000fd600000, 0x00000000fd600000| Untracked 
|  23|0x00000000fd700000, 0x00000000fd700000, 0x00000000fd800000|  0%| F|  |TAMS 0x00000000fd700000, 0x00000000fd700000| Untracked 
|  24|0x00000000fd800000, 0x00000000fd800000, 0x00000000fd900000|  0%| F|  |TAMS 0x00000000fd800000, 0x00000000fd800000| Untracked 
|  25|0x00000000fd900000, 0x00000000fd900000, 0x00000000fda00000|  0%| F|  |TAMS 0x00000000fd900000, 0x00000000fd900000| Untracked 
|  26|0x00000000fda00000, 0x00000000fda00000, 0x00000000fdb00000|  0%| F|  |TAMS 0x00000000fda00000, 0x00000000fda00000| Untracked 
|  27|0x00000000fdb00000, 0x00000000fdb00000, 0x00000000fdc00000|  0%| F|  |TAMS 0x00000000fdb00000, 0x00000000fdb00000| Untracked 
|  28|0x00000000fdc00000, 0x00000000fdc00000, 0x00000000fdd00000|  0%| F|  |TAMS 0x00000000fdc00000, 0x00000000fdc00000| Untracked 
|  29|0x00000000fdd00000, 0x00000000fdd00000, 0x00000000fde00000|  0%| F|  |TAMS 0x00000000fdd00000, 0x00000000fdd00000| Untracked 
|  30|0x00000000fde00000, 0x00000000fde00000, 0x00000000fdf00000|  0%| F|  |TAMS 0x00000000fde00000, 0x00000000fde00000| Untracked 
|  31|0x00000000fdf00000, 0x00000000fdf00000, 0x00000000fe000000|  0%| F|  |TAMS 0x00000000fdf00000, 0x00000000fdf00000| Untracked 
|  32|0x00000000fe000000, 0x00000000fe000000, 0x00000000fe100000|  0%| F|  |TAMS 0x00000000fe000000, 0x00000000fe000000| Untracked 
|  33|0x00000000fe100000, 0x00000000fe100000, 0x00000000fe200000|  0%| F|  |TAMS 0x00000000fe100000, 0x00000000fe100000| Untracked 
|  34|0x00000000fe200000, 0x00000000fe200000, 0x00000000fe300000|  0%| F|  |TAMS 0x00000000fe200000, 0x00000000fe200000| Untracked 
|  35|0x00000000fe300000, 0x00000000fe300000, 0x00000000fe400000|  0%| F|  |TAMS 0x00000000fe300000, 0x00000000fe300000| Untracked 
|  36|0x00000000fe400000, 0x00000000fe400000, 0x00000000fe500000|  0%| F|  |TAMS 0x00000000fe400000, 0x00000000fe400000| Untracked 
|  37|0x00000000fe500000, 0x00000000fe500000, 0x00000000fe600000|  0%| F|  |TAMS 0x00000000fe500000, 0x00000000fe500000| Untracked 
|  38|0x00000000fe600000, 0x00000000fe600000, 0x00000000fe700000|  0%| F|  |TAMS 0x00000000fe600000, 0x00000000fe600000| Untracked 
|  39|0x00000000fe700000, 0x00000000fe700000, 0x00000000fe800000|  0%| F|  |TAMS 0x00000000fe700000, 0x00000000fe700000| Untracked 
|  40|0x00000000fe800000, 0x00000000fe800000, 0x00000000fe900000|  0%| F|  |TAMS 0x00000000fe800000, 0x00000000fe800000| Untracked 
|  41|0x00000000fe900000, 0x00000000fe900000, 0x00000000fea00000|  0%| F|  |TAMS 0x00000000fe900000, 0x00000000fe900000| Untracked 
|  42|0x00000000fea00000, 0x00000000fea00000, 0x00000000feb00000|  0%| F|  |TAMS 0x00000000fea00000, 0x00000000fea00000| Untracked 
|  43|0x00000000feb00000, 0x00000000feb00000, 0x00000000fec00000|  0%| F|  |TAMS 0x00000000feb00000, 0x00000000feb00000| Untracked 
|  44|0x00000000fec00000, 0x00000000fec00000, 0x00000000fed00000|  0%| F|  |TAMS 0x00000000fec00000, 0x00000000fec00000| Untracked 
|  45|0x00000000fed00000, 0x00000000fed00000, 0x00000000fee00000|  0%| F|  |TAMS 0x00000000fed00000, 0x00000000fed00000| Untracked 
|  46|0x00000000fee00000, 0x00000000fee00000, 0x00000000fef00000|  0%| F|  |TAMS 0x00000000fee00000, 0x00000000fee00000| Untracked 
|  47|0x00000000fef00000, 0x00000000fef00000, 0x00000000ff000000|  0%| F|  |TAMS 0x00000000fef00000, 0x00000000fef00000| Untracked 
|  48|0x00000000ff000000, 0x00000000ff000000, 0x00000000ff100000|  0%| F|  |TAMS 0x00000000ff000000, 0x00000000ff000000| Untracked 
|  49|0x00000000ff100000, 0x00000000ff100000, 0x00000000ff200000|  0%| F|  |TAMS 0x00000000ff100000, 0x00000000ff100000| Untracked 
|  50|0x00000000ff200000, 0x00000000ff200000, 0x00000000ff300000|  0%| F|  |TAMS 0x00000000ff200000, 0x00000000ff200000| Untracked 
|  51|0x00000000ff300000, 0x00000000ff300000, 0x00000000ff400000|  0%| F|  |TAMS 0x00000000ff300000, 0x00000000ff300000| Untracked 
|  52|0x00000000ff400000, 0x00000000ff400000, 0x00000000ff500000|  0%| F|  |TAMS 0x00000000ff400000, 0x00000000ff400000| Untracked 
|  53|0x00000000ff500000, 0x00000000ff500000, 0x00000000ff600000|  0%| F|  |TAMS 0x00000000ff500000, 0x00000000ff500000| Untracked 
|  54|0x00000000ff600000, 0x00000000ff600000, 0x00000000ff700000|  0%| F|  |TAMS 0x00000000ff600000, 0x00000000ff600000| Untracked 
|  55|0x00000000ff700000, 0x00000000ff700000, 0x00000000ff800000|  0%| F|  |TAMS 0x00000000ff700000, 0x00000000ff700000| Untracked 
|  56|0x00000000ff800000, 0x00000000ff800000, 0x00000000ff900000|  0%| F|  |TAMS 0x00000000ff800000, 0x00000000ff800000| Untracked 
|  57|0x00000000ff900000, 0x00000000ff900000, 0x00000000ffa00000|  0%| F|  |TAMS 0x00000000ff900000, 0x00000000ff900000| Untracked 
|  58|0x00000000ffa00000, 0x00000000ffa00000, 0x00000000ffb00000|  0%| F|  |TAMS 0x00000000ffa00000, 0x00000000ffa00000| Untracked 
|  59|0x00000000ffb00000, 0x00000000ffb00000, 0x00000000ffc00000|  0%| F|  |TAMS 0x00000000ffb00000, 0x00000000ffb00000| Untracked 
|  60|0x00000000ffc00000, 0x00000000ffc00000, 0x00000000ffd00000|  0%| F|  |TAMS 0x00000000ffc00000, 0x00000000ffc00000| Untracked 
|  61|0x00000000ffd00000, 0x00000000ffd76448, 0x00000000ffe00000| 46%| E|  |TAMS 0x00000000ffd00000, 0x00000000ffd00000| Complete 
|  62|0x00000000ffe00000, 0x00000000fff00000, 0x00000000fff00000|100%| E|CS|TAMS 0x00000000ffe00000, 0x00000000ffe00000| Complete 
|  63|0x00000000fff00000, 0x0000000100000000, 0x0000000100000000|100%| E|CS|TAMS 0x00000000fff00000, 0x00000000fff00000| Complete 

Card table byte_map: [0x000001f5dd1b0000,0x000001f5dd1d0000] _byte_map_base: 0x000001f5dc9d0000

Marking Bits (Prev, Next): (CMBitMap*) 0x000001f5df0692b0, (CMBitMap*) 0x000001f5df0692f0
 Prev Bits: [0x000001f5f5c30000, 0x000001f5f5d30000)
 Next Bits: [0x000001f5f5d30000, 0x000001f5f5e30000)

Polling page: 0x000001f5dced0000

Metaspace:

Usage:
  Non-class:    980.75 KB used.
      Class:    111.84 KB used.
       Both:      1.07 MB used.

Virtual space:
  Non-class space:       64.00 MB reserved,       1.06 MB (  2%) committed,  1 nodes.
      Class space:        1.00 GB reserved,     192.00 KB ( <1%) committed,  1 nodes.
             Both:        1.06 GB reserved,       1.25 MB ( <1%) committed. 

Chunk freelists:
   Non-Class:  11.92 MB
       Class:  15.73 MB
        Both:  27.65 MB

MaxMetaspaceSize: unlimited
CompressedClassSpaceSize: 1.00 GB
Initial GC threshold: 21.00 MB
Current GC threshold: 21.00 MB
CDS: on
MetaspaceReclaimPolicy: balanced
 - commit_granule_bytes: 65536.
 - commit_granule_words: 8192.
 - virtual_space_node_default_size: 8388608.
 - enlarge_chunks_in_place: 1.
 - new_chunks_are_fully_committed: 0.
 - uncommit_free_chunks: 1.
 - use_allocation_guard: 0.
 - handle_deallocations: 1.


Internal statistics:

num_allocs_failed_limit: 0.
num_arena_births: 6.
num_arena_deaths: 0.
num_vsnodes_births: 2.
num_vsnodes_deaths: 0.
num_space_committed: 20.
num_space_uncommitted: 0.
num_chunks_returned_to_freelist: 0.
num_chunks_taken_from_freelist: 17.
num_chunk_merges: 0.
num_chunk_splits: 9.
num_chunks_enlarged: 5.
num_inconsistent_stats: 0.

CodeHeap 'non-profiled nmethods': size=120000Kb used=47Kb max_used=47Kb free=119952Kb
 bounds [0x000001f5ee3d0000, 0x000001f5ee640000, 0x000001f5f5900000]
CodeHeap 'profiled nmethods': size=120000Kb used=198Kb max_used=198Kb free=119801Kb
 bounds [0x000001f5e6900000, 0x000001f5e6b70000, 0x000001f5ede30000]
CodeHeap 'non-nmethods': size=5760Kb used=1117Kb max_used=1117Kb free=4642Kb
 bounds [0x000001f5ede30000, 0x000001f5ee0a0000, 0x000001f5ee3d0000]
 total_blobs=561 nmethods=162 adapters=312
 compilation: enabled
              stopped_count=0, restarted_count=0
 full_count=0

Compilation events (20 events):
Event: 1.118 Thread 0x000001f5f87c82d0  133       3       java.lang.CharacterDataLatin1::toUpperCaseEx (71 bytes)
Event: 1.118 Thread 0x000001f5f87c82d0 nmethod 133 0x000001f5e6924210 code [0x000001f5e69243c0, 0x000001f5e6924678]
Event: 1.120 Thread 0x000001f5f87c82d0  134       3       java.util.concurrent.ConcurrentHashMap::put (8 bytes)
Event: 1.120 Thread 0x000001f5f87c82d0 nmethod 134 0x000001f5e6924790 code [0x000001f5e6924920, 0x000001f5e6924a68]
Event: 1.120 Thread 0x000001f5f87c82d0  135       1       sun.util.locale.BaseLocale::getLanguage (5 bytes)
Event: 1.120 Thread 0x000001f5f87c82d0 nmethod 135 0x000001f5ee3d9a90 code [0x000001f5ee3d9c20, 0x000001f5ee3d9cf8]
Event: 1.120 Thread 0x000001f5f87c7820  136       4       java.util.concurrent.ConcurrentHashMap::casTabAt (21 bytes)
Event: 1.121 Thread 0x000001f5f87c82d0  137       1       sun.security.util.KnownOIDs::registerNames (2 bytes)
Event: 1.122 Thread 0x000001f5f87c82d0 nmethod 137 0x000001f5ee3d9d90 code [0x000001f5ee3d9f20, 0x000001f5ee3d9ff8]
Event: 1.122 Thread 0x000001f5f87c82d0  138       3       java.lang.StringLatin1::toUpperCase (186 bytes)
Event: 1.123 Thread 0x000001f5f87c7820 nmethod 136 0x000001f5ee3da090 code [0x000001f5ee3da200, 0x000001f5ee3da358]
Event: 1.123 Thread 0x000001f5f87c7820  139       4       jdk.internal.misc.Unsafe::putReferenceRelease (9 bytes)
Event: 1.123 Thread 0x000001f5f87c82d0 nmethod 138 0x000001f5e6924b10 code [0x000001f5e6924d80, 0x000001f5e69258d8]
Event: 1.124 Thread 0x000001f5f87c82d0  141       3       java.lang.String::toUpperCase (29 bytes)
Event: 1.125 Thread 0x000001f5f87c82d0 nmethod 141 0x000001f5e6925d10 code [0x000001f5e6925ee0, 0x000001f5e6926198]
Event: 1.125 Thread 0x000001f5f87c82d0  143       3       sun.security.util.KnownOIDs::register (349 bytes)
Event: 1.125 Thread 0x000001f5f87c7820 nmethod 139 0x000001f5ee3da410 code [0x000001f5ee3da580, 0x000001f5ee3da6d8]
Event: 1.125 Thread 0x000001f5f87c7820  140       4       java.util.concurrent.ConcurrentHashMap::tabAt (22 bytes)
Event: 1.126 Thread 0x000001f5f87c7820 nmethod 140 0x000001f5ee3da790 code [0x000001f5ee3da900, 0x000001f5ee3da958]
Event: 1.130 Thread 0x000001f5f87c7820  148       4       java.lang.CharacterDataLatin1::toUpperCaseEx (71 bytes)

GC Heap History (0 events):
No events

Deoptimization events (0 events):
No events

Classes unloaded (0 events):
No events

Classes redefined (0 events):
No events

Internal exceptions (0 events):
No events

VM Operations (0 events):
No events

Events (20 events):
Event: 1.114 loading class sun/security/util/KnownOIDs$4 done
Event: 1.115 loading class sun/security/util/KnownOIDs$5
Event: 1.115 loading class sun/security/util/KnownOIDs$5 done
Event: 1.115 loading class sun/security/util/KnownOIDs$6
Event: 1.115 loading class sun/security/util/KnownOIDs$6 done
Event: 1.115 loading class sun/security/util/KnownOIDs$7
Event: 1.115 loading class sun/security/util/KnownOIDs$7 done
Event: 1.115 loading class sun/security/util/KnownOIDs$8
Event: 1.115 loading class sun/security/util/KnownOIDs$8 done
Event: 1.115 loading class sun/security/util/KnownOIDs$9
Event: 1.115 loading class sun/security/util/KnownOIDs$9 done
Event: 1.116 loading class sun/security/util/KnownOIDs$10
Event: 1.116 loading class sun/security/util/KnownOIDs$10 done
Event: 1.128 loading class java/util/LinkedHashMap$LinkedKeySet
Event: 1.128 loading class java/util/LinkedHashMap$LinkedKeySet done
Event: 1.128 loading class java/util/LinkedHashMap$LinkedKeyIterator
Event: 1.128 loading class java/util/LinkedHashMap$LinkedKeyIterator done
Event: 1.131 loading class jdk/internal/event/SecurityProviderServiceEvent
Event: 1.132 loading class jdk/internal/event/Event
Event: 1.132 loading class jdk/internal/event/Event done


Dynamic libraries:
0x00007ff6079f0000 - 0x00007ff607a00000 	C:\Program Files\Java\jdk-17\bin\java.exe
0x00007ffebea30000 - 0x00007ffebec28000 	C:\Windows\SYSTEM32\ntdll.dll
0x00007ffebd4d0000 - 0x00007ffebd592000 	C:\Windows\System32\KERNEL32.DLL
0x00007ffebc570000 - 0x00007ffebc86e000 	C:\Windows\System32\KERNELBASE.dll
0x00007ffebc950000 - 0x00007ffebca50000 	C:\Windows\System32\ucrtbase.dll
0x00007ffeb5a60000 - 0x00007ffeb5a79000 	C:\Program Files\Java\jdk-17\bin\jli.dll
0x00007ffebda60000 - 0x00007ffebdb12000 	C:\Windows\System32\ADVAPI32.dll
0x00007ffebdc50000 - 0x00007ffebdcee000 	C:\Windows\System32\msvcrt.dll
0x00007ffebd8e0000 - 0x00007ffebd980000 	C:\Windows\System32\sechost.dll
0x00007ffebdcf0000 - 0x00007ffebde13000 	C:\Windows\System32\RPCRT4.dll
0x00007ffebc290000 - 0x00007ffebc2b7000 	C:\Windows\System32\bcrypt.dll
0x00007ffebcab0000 - 0x00007ffebcc4d000 	C:\Windows\System32\USER32.dll
0x00007ffebc870000 - 0x00007ffebc892000 	C:\Windows\System32\win32u.dll
0x00007ffebde20000 - 0x00007ffebde4b000 	C:\Windows\System32\GDI32.dll
0x00007ffebc0d0000 - 0x00007ffebc1e7000 	C:\Windows\System32\gdi32full.dll
0x00007ffebc1f0000 - 0x00007ffebc28d000 	C:\Windows\System32\msvcp_win.dll
0x00007ffea7a70000 - 0x00007ffea7a8b000 	C:\Program Files\Java\jdk-17\bin\VCRUNTIME140.dll
0x00007ffea3180000 - 0x00007ffea341a000 	C:\Windows\WinSxS\amd64_microsoft.windows.common-controls_6595b64144ccf1df_6.0.19041.4355_none_60b8b9eb71f62e16\COMCTL32.dll
0x00007ffeb9ba0000 - 0x00007ffeb9baa000 	C:\Windows\SYSTEM32\VERSION.dll
0x00007ffebda30000 - 0x00007ffebda5f000 	C:\Windows\System32\IMM32.DLL
0x00007ffeb5ba0000 - 0x00007ffeb5bac000 	C:\Program Files\Java\jdk-17\bin\vcruntime140_1.dll
0x00007ffe747b0000 - 0x00007ffe7483e000 	C:\Program Files\Java\jdk-17\bin\msvcp140.dll
0x00007ffe0fb80000 - 0x00007ffe1075f000 	C:\Program Files\Java\jdk-17\bin\server\jvm.dll
0x00007ffebdf40000 - 0x00007ffebdf48000 	C:\Windows\System32\PSAPI.DLL
0x00007ffeb0a00000 - 0x00007ffeb0a09000 	C:\Windows\SYSTEM32\WSOCK32.dll
0x00007ffebd660000 - 0x00007ffebd6cb000 	C:\Windows\System32\WS2_32.dll
0x00007ffea5020000 - 0x00007ffea5047000 	C:\Windows\SYSTEM32\WINMM.dll
0x00007ffeba8b0000 - 0x00007ffeba8c2000 	C:\Windows\SYSTEM32\kernel.appcore.dll
0x00007ffeb5b80000 - 0x00007ffeb5b8a000 	C:\Program Files\Java\jdk-17\bin\jimage.dll
0x00007ffeb9820000 - 0x00007ffeb9a04000 	C:\Windows\SYSTEM32\DBGHELP.DLL
0x00007ffeabbe0000 - 0x00007ffeabc14000 	C:\Windows\SYSTEM32\dbgcore.DLL
0x00007ffebc2c0000 - 0x00007ffebc342000 	C:\Windows\System32\bcryptPrimitives.dll
0x00007ffe9ff60000 - 0x00007ffe9ff85000 	C:\Program Files\Java\jdk-17\bin\java.dll
0x00007ffe58520000 - 0x00007ffe585f7000 	C:\Program Files\Java\jdk-17\bin\jsvml.dll
0x00007ffebcc50000 - 0x00007ffebd3bf000 	C:\Windows\System32\SHELL32.dll
0x00007ffeba0f0000 - 0x00007ffeba894000 	C:\Windows\SYSTEM32\windows.storage.dll
0x00007ffebe570000 - 0x00007ffebe8c3000 	C:\Windows\System32\combase.dll
0x00007ffebb950000 - 0x00007ffebb97e000 	C:\Windows\SYSTEM32\Wldp.dll
0x00007ffebd810000 - 0x00007ffebd8dd000 	C:\Windows\System32\OLEAUT32.dll
0x00007ffebd3c0000 - 0x00007ffebd46d000 	C:\Windows\System32\SHCORE.dll
0x00007ffebca50000 - 0x00007ffebcaa5000 	C:\Windows\System32\shlwapi.dll
0x00007ffebc000000 - 0x00007ffebc024000 	C:\Windows\SYSTEM32\profapi.dll
0x00007ffea7a50000 - 0x00007ffea7a69000 	C:\Program Files\Java\jdk-17\bin\net.dll
0x00007ffeb7bc0000 - 0x00007ffeb7ccd000 	C:\Windows\SYSTEM32\WINHTTP.dll
0x00007ffebb730000 - 0x00007ffebb79a000 	C:\Windows\system32\mswsock.dll
0x00007ffea0010000 - 0x00007ffea0026000 	C:\Program Files\Java\jdk-17\bin\nio.dll
0x00007ffe9ff40000 - 0x00007ffe9ff58000 	C:\Program Files\Java\jdk-17\bin\zip.dll
0x00007ffeb57a0000 - 0x00007ffeb57b0000 	C:\Program Files\Java\jdk-17\bin\verify.dll

dbghelp: loaded successfully - version: 4.0.5 - missing functions: none
symbol engine: initialized successfully - sym options: 0x614 - pdb path: .;C:\Program Files\Java\jdk-17\bin;C:\Windows\SYSTEM32;C:\Windows\WinSxS\amd64_microsoft.windows.common-controls_6595b64144ccf1df_6.0.19041.4355_none_60b8b9eb71f62e16;C:\Program Files\Java\jdk-17\bin\server

VM Arguments:
jvm_args: -Xmx64m -Xms64m -Dorg.gradle.appname=gradlew 
java_command: org.gradle.wrapper.GradleWrapperMain app:installDebug -PreactNativeDevServerPort=8081
java_class_path (initial): C:\Users\ESHOP\Desktop\MediConnect\android\\gradle\wrapper\gradle-wrapper.jar
Launcher Type: SUN_STANDARD

[Global flags]
     intx CICompilerCount                          = 4                                         {product} {ergonomic}
     uint ConcGCThreads                            = 2                                         {product} {ergonomic}
     uint G1ConcRefinementThreads                  = 8                                         {product} {ergonomic}
   size_t G1HeapRegionSize                         = 1048576                                   {product} {ergonomic}
    uintx GCDrainStackTargetSize                   = 64                                        {product} {ergonomic}
   size_t InitialHeapSize                          = 67108864                                  {product} {command line}
   size_t MarkStackSize                            = 4194304                                   {product} {ergonomic}
   size_t MaxHeapSize                              = 67108864                                  {product} {command line}
   size_t MaxNewSize                               = 39845888                                  {product} {ergonomic}
   size_t MinHeapDeltaBytes                        = 1048576                                   {product} {ergonomic}
   size_t MinHeapSize                              = 67108864                                  {product} {command line}
    uintx NonNMethodCodeHeapSize                   = 5839372                                {pd product} {ergonomic}
    uintx NonProfiledCodeHeapSize                  = 122909434                              {pd product} {ergonomic}
    uintx ProfiledCodeHeapSize                     = 122909434                              {pd product} {ergonomic}
    uintx ReservedCodeCacheSize                    = 251658240                              {pd product} {ergonomic}
     bool SegmentedCodeCache                       = true                                      {product} {ergonomic}
   size_t SoftMaxHeapSize                          = 67108864                               {manageable} {ergonomic}
     bool UseCompressedClassPointers               = true                           {product lp64_product} {ergonomic}
     bool UseCompressedOops                        = true                           {product lp64_product} {ergonomic}
     bool UseG1GC                                  = true                                      {product} {ergonomic}
     bool UseLargePagesIndividualAllocation        = false                                  {pd product} {ergonomic}

Logging:
Log output configuration:
 #0: stdout all=warning uptime,level,tags
 #1: stderr all=off uptime,level,tags

Environment Variables:
JAVA_HOME=C:\Program Files\Java\jdk-17
CLASSPATH=C:\Users\ESHOP\Desktop\MediConnect\android\\gradle\wrapper\gradle-wrapper.jar
PATH=C:\Users\ESHOP\Desktop\MediConnect\node_modules\.bin;C:\Users\ESHOP\Desktop\MediConnect\node_modules\.bin;C:\Users\ESHOP\Desktop\node_modules\.bin;C:\Users\ESHOP\node_modules\.bin;C:\Users\node_modules\.bin;C:\node_modules\.bin;C:\Program Files\nodejs\node_modules\npm\node_modules\@npmcli\run-script\lib\node-gyp-bin;C:\Users\ESHOP\Desktop\MediConnect\node_modules\.bin;C:\Users\ESHOP\Desktop\MediConnect\node_modules\.bin;C:\Users\ESHOP\Desktop\node_modules\.bin;C:\Users\ESHOP\node_modules\.bin;C:\Users\node_modules\.bin;C:\node_modules\.bin;C:\Program Files\nodejs\node_modules\npm\node_modules\@npmcli\run-script\lib\node-gyp-bin;C:\Program Files\Common Files\Oracle\Java\javapath;C:\Windows\system32;C:\Windows;C:\Windows\System32\Wbem;C:\Windows\System32\WindowsPowerShell\v1.0\;C:\Windows\System32\OpenSSH\;C:\Program Files\Git\cmd;C:\Program Files\nodejs\;C:\Program Files\MongoDB\Server\7.0\bin;C:\Users\ESHOP\AppData\Local\Android\Sdk\platform-tools;C:\Program Files\Java\jdk-17\bin;C:\Users\ESHOP\AppData\Local\Microsoft\WindowsApps;C:\Users\ESHOP\AppData\Local\Programs\Microsoft VS Code\bin;C:\Users\ESHOP\AppData\Roaming\npm;C:\Users\ESHOP\AppData\Local\Programs\mongosh\;C:\Users\ESHOP\AppData\Local\Android\Sdk;C:\Users\ESHOP\AppData\Local\Android\Sdk\platform-tools;C:\Users\ESHOP\AppData\Local\Android\Sdk\emulator;C:\Users\ESHOP\AppData\Local\Android\Sdk\cmdline-tools\latest;C:\Users\ESHOP\AppData\Local\Android\Sdk\cmdline-tools\latest\bin;C:\Users\ESHOP\AppData\Local\Android\Sdk\cmdline-tools
USERNAME=ESHOP
OS=Windows_NT
PROCESSOR_IDENTIFIER=Intel64 Family 6 Model 142 Stepping 12, GenuineIntel



---------------  S Y S T E M  ---------------

OS:
 Windows 10 , 64 bit Build 19041 (10.0.19041.4957)
OS uptime: 2 days 8:18 hours
Hyper-V role detected

CPU: total 8 (initial active 8) (4 cores per cpu, 2 threads per core) family 6 model 142 stepping 12 microcode 0xf6, cx8, cmov, fxsr, ht, mmx, 3dnowpref, sse, sse2, sse3, ssse3, sse4.1, sse4.2, popcnt, lzcnt, tsc, tscinvbit, avx, avx2, aes, erms, clmul, bmi1, bmi2, adx, fma, vzeroupper, clflush, clflushopt, hv

Memory: 4k page, system-wide physical 16198M (1668M free)
TotalPageFile size 22790M (AvailPageFile size 4M)
current process WorkingSet (physical memory assigned to process): 36M, peak: 36M
current process commit charge ("private bytes"): 144M, peak: 144M

vm_info: Java HotSpot(TM) 64-Bit Server VM (17.0.10+11-LTS-240) for windows-amd64 JRE (17.0.10+11-LTS-240), built on Dec 19 2023 21:47:25 by "mach5one" with MS VC++ 17.1 (VS2022)

END.
