#
# There is insufficient memory for the Java Runtime Environment to continue.
# Native memory allocation (malloc) failed to allocate 65552 bytes for Chunk::new
# Possible reasons:
#   The system is out of physical RAM or swap space
#   The process is running with CompressedOops enabled, and the Java Heap may be blocking the growth of the native heap
# Possible solutions:
#   Reduce memory load on the system
#   Increase physical memory or swap space
#   Check if swap backing store is full
#   Decrease Java heap size (-Xmx/-Xms)
#   Decrease number of Java threads
#   Decrease Java thread stack sizes (-Xss)
#   Set larger code cache with -XX:ReservedCodeCacheSize=
#   JVM is running with Unscaled Compressed Oops mode in which the Java heap is
#     placed in the first 4GB address space. The Java Heap base address is the
#     maximum limit for the native heap growth. Please use -XX:HeapBaseMinAddress
#     to set the Java Heap base and to place the Java Heap above 4GB virtual address.
# This output file may be truncated or incomplete.
#
#  Out of Memory Error (arena.cpp:189), pid=8488, tid=5544
#
# JRE version: Java(TM) SE Runtime Environment (17.0.10+11) (build 17.0.10+11-LTS-240)
# Java VM: Java HotSpot(TM) 64-Bit Server VM (17.0.10+11-LTS-240, mixed mode, sharing, tiered, compressed oops, compressed class ptrs, g1 gc, windows-amd64)
# No core dump will be written. Minidumps are not enabled by default on client versions of Windows
#

---------------  S U M M A R Y ------------

Command Line: -Xmx64m -Xms64m -Dorg.gradle.appname=gradlew org.gradle.wrapper.GradleWrapperMain app:installDebug -PreactNativeDevServerPort=8081

Host: Intel(R) Core(TM) i5-8365U CPU @ 1.60GHz, 8 cores, 15G,  Windows 10 , 64 bit Build 19041 (10.0.19041.4957)
Time: Wed Nov 13 23:49:51 2024 Pakistan Standard Time elapsed time: 228.265446 seconds (0d 0h 3m 48s)

---------------  T H R E A D  ---------------

Current thread (0x0000020002466850):  JavaThread "C2 CompilerThread0" daemon [_thread_in_native, id=5544, stack(0x000000224c800000,0x000000224c900000)]


Current CompileTask:
C2: 228265 1813 % !   4       java.io.BufferedReader::readLine @ 139 (327 bytes)

Stack: [0x000000224c800000,0x000000224c900000]
Native frames: (J=compiled Java code, j=interpreted, Vv=VM code, C=native code)
V  [jvm.dll+0x677a5a]
V  [jvm.dll+0x7d8b2d]
V  [jvm.dll+0x7da48e]
V  [jvm.dll+0x7daaf3]
V  [jvm.dll+0x2455ff]
V  [jvm.dll+0xaaafb]
V  [jvm.dll+0xab09c]
V  [jvm.dll+0x69ce1f]
V  [jvm.dll+0x69d263]
V  [jvm.dll+0x69eeeb]
V  [jvm.dll+0x69d81a]
V  [jvm.dll+0x219865]
V  [jvm.dll+0x216c79]
V  [jvm.dll+0x1a3410]
V  [jvm.dll+0x226aeb]
V  [jvm.dll+0x224cab]
V  [jvm.dll+0x78e45c]
V  [jvm.dll+0x78888a]
V  [jvm.dll+0x676935]
C  [ucrtbase.dll+0x21bb2]
C  [KERNEL32.DLL+0x17374]
C  [ntdll.dll+0x4cc91]


---------------  P R O C E S S  ---------------

Threads class SMR info:
_java_thread_list=0x000002004855aaa0, length=13, elements={
0x0000020068c5a1d0, 0x000002000244cb60, 0x000002000244d9e0, 0x0000020002461900,
0x00000200024643d0, 0x0000020002464d90, 0x0000020002465750, 0x0000020002466850,
0x0000020002467300, 0x000002000246bd20, 0x0000020002533b50, 0x00000200025394a0,
0x0000020048946a70
}

Java Threads: ( => current thread )
  0x0000020068c5a1d0 JavaThread "main" [_thread_blocked, id=25804, stack(0x000000224ba00000,0x000000224bb00000)]
  0x000002000244cb60 JavaThread "Reference Handler" daemon [_thread_blocked, id=21600, stack(0x000000224c200000,0x000000224c300000)]
  0x000002000244d9e0 JavaThread "Finalizer" daemon [_thread_blocked, id=14904, stack(0x000000224c300000,0x000000224c400000)]
  0x0000020002461900 JavaThread "Signal Dispatcher" daemon [_thread_blocked, id=19320, stack(0x000000224c400000,0x000000224c500000)]
  0x00000200024643d0 JavaThread "Attach Listener" daemon [_thread_blocked, id=15760, stack(0x000000224c500000,0x000000224c600000)]
  0x0000020002464d90 JavaThread "Service Thread" daemon [_thread_blocked, id=4732, stack(0x000000224c600000,0x000000224c700000)]
  0x0000020002465750 JavaThread "Monitor Deflation Thread" daemon [_thread_blocked, id=21080, stack(0x000000224c700000,0x000000224c800000)]
=>0x0000020002466850 JavaThread "C2 CompilerThread0" daemon [_thread_in_native, id=5544, stack(0x000000224c800000,0x000000224c900000)]
  0x0000020002467300 JavaThread "C1 CompilerThread0" daemon [_thread_blocked, id=19140, stack(0x000000224c900000,0x000000224ca00000)]
  0x000002000246bd20 JavaThread "Sweeper thread" daemon [_thread_blocked, id=13784, stack(0x000000224ca00000,0x000000224cb00000)]
  0x0000020002533b50 JavaThread "Notification Thread" daemon [_thread_blocked, id=12400, stack(0x000000224cb00000,0x000000224cc00000)]
  0x00000200025394a0 JavaThread "Common-Cleaner" daemon [_thread_blocked, id=20332, stack(0x000000224cd00000,0x000000224ce00000)]
  0x0000020048946a70 JavaThread "Logging-Cleaner" [_thread_new, id=27704, stack(0x0000000000000000,0x0000000000000000)]

Other Threads:
  0x0000020002442fc0 VMThread "VM Thread" [stack: 0x000000224c100000,0x000000224c200000] [id=26716]
  0x0000020002536040 WatcherThread [stack: 0x000000224cc00000,0x000000224cd00000] [id=21908]
  0x0000020068c78c90 GCTaskThread "GC Thread#0" [stack: 0x000000224bc00000,0x000000224bd00000] [id=6604]
  0x00000200028ec1e0 GCTaskThread "GC Thread#1" [stack: 0x000000224ce00000,0x000000224cf00000] [id=26820]
  0x00000200481bd090 GCTaskThread "GC Thread#2" [stack: 0x000000224cf00000,0x000000224d000000] [id=26872]
  0x00000200029c5860 GCTaskThread "GC Thread#3" [stack: 0x000000224d000000,0x000000224d100000] [id=26876]
  0x00000200486377b0 GCTaskThread "GC Thread#4" [stack: 0x000000224d200000,0x000000224d300000] [id=19132]
  0x00000200027e5c60 GCTaskThread "GC Thread#5" [stack: 0x000000224d300000,0x000000224d400000] [id=16592]
  0x00000200027e4a20 GCTaskThread "GC Thread#6" [stack: 0x000000224d400000,0x000000224d500000] [id=25084]
  0x00000200027e4ce0 GCTaskThread "GC Thread#7" [stack: 0x000000224d500000,0x000000224d600000] [id=19972]
  0x0000020068c7a3f0 ConcurrentGCThread "G1 Main Marker" [stack: 0x000000224bd00000,0x000000224be00000] [id=21812]
  0x0000020068c7ae00 ConcurrentGCThread "G1 Conc#0" [stack: 0x000000224be00000,0x000000224bf00000] [id=17080]
  0x0000020068cd7920 ConcurrentGCThread "G1 Refine#0" [stack: 0x000000224bf00000,0x000000224c000000] [id=6964]
  0x0000020068cd8350 ConcurrentGCThread "G1 Service" [stack: 0x000000224c000000,0x000000224c100000] [id=10580]

Threads with active compile tasks:
C2 CompilerThread0   228311 1813 % !   4       java.io.BufferedReader::readLine @ 139 (327 bytes)

VM state: not at safepoint (normal execution)

VM Mutex/Monitor currently owned by a thread: None

Heap address: 0x00000000fc000000, size: 64 MB, Compressed Oops mode: 32-bit

CDS archive(s) mapped at: [0x0000020003000000-0x0000020003bd0000-0x0000020003bd0000), size 12386304, SharedBaseAddress: 0x0000020003000000, ArchiveRelocationMode: 1.
Compressed class space mapped at: 0x0000020004000000-0x0000020044000000, reserved size: 1073741824
Narrow klass base: 0x0000020003000000, Narrow klass shift: 0, Narrow klass range: 0x100000000

GC Precious Log:
 CPUs: 8 total, 8 available
 Memory: 16198M
 Large Page Support: Disabled
 NUMA Support: Disabled
 Compressed Oops: Enabled (32-bit)
 Heap Region Size: 1M
 Heap Min Capacity: 64M
 Heap Initial Capacity: 64M
 Heap Max Capacity: 64M
 Pre-touch: Disabled
 Parallel Workers: 8
 Concurrent Workers: 2
 Concurrent Refinement Workers: 8
 Periodic GC: Disabled

Heap:
 garbage-first heap   total 65536K, used 23599K [0x00000000fc000000, 0x0000000100000000)
  region size 1024K, 16 young (16384K), 4 survivors (4096K)
 Metaspace       used 10426K, committed 10560K, reserved 1114112K
  class space    used 1367K, committed 1408K, reserved 1048576K

Heap Regions: E=young(eden), S=young(survivor), O=old, HS=humongous(starts), HC=humongous(continues), CS=collection set, F=free, OA=open archive, CA=closed archive, TAMS=top-at-mark-start (previous, next)
|   0|0x00000000fc000000, 0x00000000fc100000, 0x00000000fc100000|100%| O|  |TAMS 0x00000000fc000000, 0x00000000fc000000| Untracked 
|   1|0x00000000fc100000, 0x00000000fc200000, 0x00000000fc200000|100%|HS|  |TAMS 0x00000000fc100000, 0x00000000fc100000| Complete 
|   2|0x00000000fc200000, 0x00000000fc300000, 0x00000000fc300000|100%|HC|  |TAMS 0x00000000fc200000, 0x00000000fc200000| Complete 
|   3|0x00000000fc300000, 0x00000000fc400000, 0x00000000fc400000|100%|HC|  |TAMS 0x00000000fc300000, 0x00000000fc300000| Complete 
|   4|0x00000000fc400000, 0x00000000fc500000, 0x00000000fc500000|100%|HC|  |TAMS 0x00000000fc400000, 0x00000000fc400000| Complete 
|   5|0x00000000fc500000, 0x00000000fc600000, 0x00000000fc600000|100%| O|  |TAMS 0x00000000fc500000, 0x00000000fc500000| Untracked 
|   6|0x00000000fc600000, 0x00000000fc700000, 0x00000000fc700000|100%| O|  |TAMS 0x00000000fc600000, 0x00000000fc600000| Untracked 
|   7|0x00000000fc700000, 0x00000000fc800000, 0x00000000fc800000|100%| O|  |TAMS 0x00000000fc700000, 0x00000000fc700000| Untracked 
|   8|0x00000000fc800000, 0x00000000fc80bc00, 0x00000000fc900000|  4%| O|  |TAMS 0x00000000fc800000, 0x00000000fc800000| Untracked 
|   9|0x00000000fc900000, 0x00000000fc900000, 0x00000000fca00000|  0%| F|  |TAMS 0x00000000fc900000, 0x00000000fc900000| Untracked 
|  10|0x00000000fca00000, 0x00000000fca00000, 0x00000000fcb00000|  0%| F|  |TAMS 0x00000000fca00000, 0x00000000fca00000| Untracked 
|  11|0x00000000fcb00000, 0x00000000fcb00000, 0x00000000fcc00000|  0%| F|  |TAMS 0x00000000fcb00000, 0x00000000fcb00000| Untracked 
|  12|0x00000000fcc00000, 0x00000000fcc00000, 0x00000000fcd00000|  0%| F|  |TAMS 0x00000000fcc00000, 0x00000000fcc00000| Untracked 
|  13|0x00000000fcd00000, 0x00000000fcd00000, 0x00000000fce00000|  0%| F|  |TAMS 0x00000000fcd00000, 0x00000000fcd00000| Untracked 
|  14|0x00000000fce00000, 0x00000000fce00000, 0x00000000fcf00000|  0%| F|  |TAMS 0x00000000fce00000, 0x00000000fce00000| Untracked 
|  15|0x00000000fcf00000, 0x00000000fcf00000, 0x00000000fd000000|  0%| F|  |TAMS 0x00000000fcf00000, 0x00000000fcf00000| Untracked 
|  16|0x00000000fd000000, 0x00000000fd000000, 0x00000000fd100000|  0%| F|  |TAMS 0x00000000fd000000, 0x00000000fd000000| Untracked 
|  17|0x00000000fd100000, 0x00000000fd100000, 0x00000000fd200000|  0%| F|  |TAMS 0x00000000fd100000, 0x00000000fd100000| Untracked 
|  18|0x00000000fd200000, 0x00000000fd200000, 0x00000000fd300000|  0%| F|  |TAMS 0x00000000fd200000, 0x00000000fd200000| Untracked 
|  19|0x00000000fd300000, 0x00000000fd300000, 0x00000000fd400000|  0%| F|  |TAMS 0x00000000fd300000, 0x00000000fd300000| Untracked 
|  20|0x00000000fd400000, 0x00000000fd400000, 0x00000000fd500000|  0%| F|  |TAMS 0x00000000fd400000, 0x00000000fd400000| Untracked 
|  21|0x00000000fd500000, 0x00000000fd500000, 0x00000000fd600000|  0%| F|  |TAMS 0x00000000fd500000, 0x00000000fd500000| Untracked 
|  22|0x00000000fd600000, 0x00000000fd600000, 0x00000000fd700000|  0%| F|  |TAMS 0x00000000fd600000, 0x00000000fd600000| Untracked 
|  23|0x00000000fd700000, 0x00000000fd700000, 0x00000000fd800000|  0%| F|  |TAMS 0x00000000fd700000, 0x00000000fd700000| Untracked 
|  24|0x00000000fd800000, 0x00000000fd800000, 0x00000000fd900000|  0%| F|  |TAMS 0x00000000fd800000, 0x00000000fd800000| Untracked 
|  25|0x00000000fd900000, 0x00000000fd900000, 0x00000000fda00000|  0%| F|  |TAMS 0x00000000fd900000, 0x00000000fd900000| Untracked 
|  26|0x00000000fda00000, 0x00000000fda00000, 0x00000000fdb00000|  0%| F|  |TAMS 0x00000000fda00000, 0x00000000fda00000| Untracked 
|  27|0x00000000fdb00000, 0x00000000fdb00000, 0x00000000fdc00000|  0%| F|  |TAMS 0x00000000fdb00000, 0x00000000fdb00000| Untracked 
|  28|0x00000000fdc00000, 0x00000000fdc00000, 0x00000000fdd00000|  0%| F|  |TAMS 0x00000000fdc00000, 0x00000000fdc00000| Untracked 
|  29|0x00000000fdd00000, 0x00000000fdd00000, 0x00000000fde00000|  0%| F|  |TAMS 0x00000000fdd00000, 0x00000000fdd00000| Untracked 
|  30|0x00000000fde00000, 0x00000000fdf00000, 0x00000000fdf00000|100%| S|CS|TAMS 0x00000000fde00000, 0x00000000fde00000| Complete 
|  31|0x00000000fdf00000, 0x00000000fe000000, 0x00000000fe000000|100%| S|CS|TAMS 0x00000000fdf00000, 0x00000000fdf00000| Complete 
|  32|0x00000000fe000000, 0x00000000fe100000, 0x00000000fe100000|100%| S|CS|TAMS 0x00000000fe000000, 0x00000000fe000000| Complete 
|  33|0x00000000fe100000, 0x00000000fe200000, 0x00000000fe200000|100%| S|CS|TAMS 0x00000000fe100000, 0x00000000fe100000| Complete 
|  34|0x00000000fe200000, 0x00000000fe200000, 0x00000000fe300000|  0%| F|  |TAMS 0x00000000fe200000, 0x00000000fe200000| Untracked 
|  35|0x00000000fe300000, 0x00000000fe300000, 0x00000000fe400000|  0%| F|  |TAMS 0x00000000fe300000, 0x00000000fe300000| Untracked 
|  36|0x00000000fe400000, 0x00000000fe400000, 0x00000000fe500000|  0%| F|  |TAMS 0x00000000fe400000, 0x00000000fe400000| Untracked 
|  37|0x00000000fe500000, 0x00000000fe500000, 0x00000000fe600000|  0%| F|  |TAMS 0x00000000fe500000, 0x00000000fe500000| Untracked 
|  38|0x00000000fe600000, 0x00000000fe600000, 0x00000000fe700000|  0%| F|  |TAMS 0x00000000fe600000, 0x00000000fe600000| Untracked 
|  39|0x00000000fe700000, 0x00000000fe700000, 0x00000000fe800000|  0%| F|  |TAMS 0x00000000fe700000, 0x00000000fe700000| Untracked 
|  40|0x00000000fe800000, 0x00000000fe800000, 0x00000000fe900000|  0%| F|  |TAMS 0x00000000fe800000, 0x00000000fe800000| Untracked 
|  41|0x00000000fe900000, 0x00000000fe900000, 0x00000000fea00000|  0%| F|  |TAMS 0x00000000fe900000, 0x00000000fe900000| Untracked 
|  42|0x00000000fea00000, 0x00000000fea00000, 0x00000000feb00000|  0%| F|  |TAMS 0x00000000fea00000, 0x00000000fea00000| Untracked 
|  43|0x00000000feb00000, 0x00000000feb00000, 0x00000000fec00000|  0%| F|  |TAMS 0x00000000feb00000, 0x00000000feb00000| Untracked 
|  44|0x00000000fec00000, 0x00000000fec00000, 0x00000000fed00000|  0%| F|  |TAMS 0x00000000fec00000, 0x00000000fec00000| Untracked 
|  45|0x00000000fed00000, 0x00000000fed00000, 0x00000000fee00000|  0%| F|  |TAMS 0x00000000fed00000, 0x00000000fed00000| Untracked 
|  46|0x00000000fee00000, 0x00000000fee00000, 0x00000000fef00000|  0%| F|  |TAMS 0x00000000fee00000, 0x00000000fee00000| Untracked 
|  47|0x00000000fef00000, 0x00000000fef00000, 0x00000000ff000000|  0%| F|  |TAMS 0x00000000fef00000, 0x00000000fef00000| Untracked 
|  48|0x00000000ff000000, 0x00000000ff000000, 0x00000000ff100000|  0%| F|  |TAMS 0x00000000ff000000, 0x00000000ff000000| Untracked 
|  49|0x00000000ff100000, 0x00000000ff100000, 0x00000000ff200000|  0%| F|  |TAMS 0x00000000ff100000, 0x00000000ff100000| Untracked 
|  50|0x00000000ff200000, 0x00000000ff200000, 0x00000000ff300000|  0%| F|  |TAMS 0x00000000ff200000, 0x00000000ff200000| Untracked 
|  51|0x00000000ff300000, 0x00000000ff300000, 0x00000000ff400000|  0%| F|  |TAMS 0x00000000ff300000, 0x00000000ff300000| Untracked 
|  52|0x00000000ff400000, 0x00000000ff480260, 0x00000000ff500000| 50%| E|  |TAMS 0x00000000ff400000, 0x00000000ff400000| Complete 
|  53|0x00000000ff500000, 0x00000000ff600000, 0x00000000ff600000|100%| E|CS|TAMS 0x00000000ff500000, 0x00000000ff500000| Complete 
|  54|0x00000000ff600000, 0x00000000ff700000, 0x00000000ff700000|100%| E|CS|TAMS 0x00000000ff600000, 0x00000000ff600000| Complete 
|  55|0x00000000ff700000, 0x00000000ff800000, 0x00000000ff800000|100%| E|CS|TAMS 0x00000000ff700000, 0x00000000ff700000| Complete 
|  56|0x00000000ff800000, 0x00000000ff900000, 0x00000000ff900000|100%| E|CS|TAMS 0x00000000ff800000, 0x00000000ff800000| Complete 
|  57|0x00000000ff900000, 0x00000000ffa00000, 0x00000000ffa00000|100%| E|CS|TAMS 0x00000000ff900000, 0x00000000ff900000| Complete 
|  58|0x00000000ffa00000, 0x00000000ffb00000, 0x00000000ffb00000|100%| E|CS|TAMS 0x00000000ffa00000, 0x00000000ffa00000| Complete 
|  59|0x00000000ffb00000, 0x00000000ffc00000, 0x00000000ffc00000|100%| E|CS|TAMS 0x00000000ffb00000, 0x00000000ffb00000| Complete 
|  60|0x00000000ffc00000, 0x00000000ffd00000, 0x00000000ffd00000|100%| E|CS|TAMS 0x00000000ffc00000, 0x00000000ffc00000| Complete 
|  61|0x00000000ffd00000, 0x00000000ffe00000, 0x00000000ffe00000|100%| E|CS|TAMS 0x00000000ffd00000, 0x00000000ffd00000| Complete 
|  62|0x00000000ffe00000, 0x00000000fff00000, 0x00000000fff00000|100%| E|CS|TAMS 0x00000000ffe00000, 0x00000000ffe00000| Complete 
|  63|0x00000000fff00000, 0x0000000100000000, 0x0000000100000000|100%| E|CS|TAMS 0x00000000fff00000, 0x00000000fff00000| Complete 

Card table byte_map: [0x0000020068b90000,0x0000020068bb0000] _byte_map_base: 0x00000200683b0000

Marking Bits (Prev, Next): (CMBitMap*) 0x0000020068c792b0, (CMBitMap*) 0x0000020068c792f0
 Prev Bits: [0x000002007f840000, 0x000002007f940000)
 Next Bits: [0x000002007f940000, 0x000002007fa40000)

Polling page: 0x0000020066b50000

Metaspace:

Usage:
  Non-class:      8.85 MB used.
      Class:      1.34 MB used.
       Both:     10.18 MB used.

Virtual space:
  Non-class space:       64.00 MB reserved,       8.94 MB ( 14%) committed,  1 nodes.
      Class space:        1.00 GB reserved,       1.38 MB ( <1%) committed,  1 nodes.
             Both:        1.06 GB reserved,      10.31 MB ( <1%) committed. 

Chunk freelists:
   Non-Class:  6.32 MB
       Class:  14.44 MB
        Both:  20.76 MB

MaxMetaspaceSize: unlimited
CompressedClassSpaceSize: 1.00 GB
Initial GC threshold: 21.00 MB
Current GC threshold: 21.00 MB
CDS: on
MetaspaceReclaimPolicy: balanced
 - commit_granule_bytes: 65536.
 - commit_granule_words: 8192.
 - virtual_space_node_default_size: 8388608.
 - enlarge_chunks_in_place: 1.
 - new_chunks_are_fully_committed: 0.
 - uncommit_free_chunks: 1.
 - use_allocation_guard: 0.
 - handle_deallocations: 1.


Internal statistics:

num_allocs_failed_limit: 0.
num_arena_births: 90.
num_arena_deaths: 0.
num_vsnodes_births: 2.
num_vsnodes_deaths: 0.
num_space_committed: 165.
num_space_uncommitted: 0.
num_chunks_returned_to_freelist: 0.
num_chunks_taken_from_freelist: 375.
num_chunk_merges: 0.
num_chunk_splits: 241.
num_chunks_enlarged: 196.
num_inconsistent_stats: 0.

CodeHeap 'non-profiled nmethods': size=120000Kb used=801Kb max_used=801Kb free=119198Kb
 bounds [0x0000020077fe0000, 0x0000020078250000, 0x000002007f510000]
CodeHeap 'profiled nmethods': size=120000Kb used=3497Kb max_used=3497Kb free=116502Kb
 bounds [0x0000020070510000, 0x0000020070880000, 0x0000020077a40000]
CodeHeap 'non-nmethods': size=5760Kb used=1185Kb max_used=1207Kb free=4574Kb
 bounds [0x0000020077a40000, 0x0000020077cb0000, 0x0000020077fe0000]
 total_blobs=2323 nmethods=1836 adapters=400
 compilation: enabled
              stopped_count=0, restarted_count=0
 full_count=0

Compilation events (20 events):
Event: 228.235 Thread 0x0000020002467300 1817       1       java.lang.reflect.Constructor::getRoot (5 bytes)
Event: 228.235 Thread 0x0000020002467300 nmethod 1817 0x00000200780a7510 code [0x00000200780a76a0, 0x00000200780a7778]
Event: 228.242 Thread 0x0000020002467300 1819       1       java.lang.invoke.DirectMethodHandle::isCrackable (5 bytes)
Event: 228.243 Thread 0x0000020002467300 nmethod 1819 0x00000200780a7b10 code [0x00000200780a7ca0, 0x00000200780a7d78]
Event: 228.243 Thread 0x0000020002467300 1820       3       jdk.internal.misc.CDS::isDumpingArchive (4 bytes)
Event: 228.243 Thread 0x0000020002467300 nmethod 1820 0x0000020070874810 code [0x00000200708749a0, 0x0000020070874a98]
Event: 228.244 Thread 0x0000020002467300 1821       3       java.nio.CharBuffer::position (8 bytes)
Event: 228.244 Thread 0x0000020002467300 nmethod 1821 0x0000020070874b10 code [0x0000020070874ca0, 0x0000020070874de8]
Event: 228.244 Thread 0x0000020002467300 1822       3       java.nio.CharBuffer::position (6 bytes)
Event: 228.245 Thread 0x0000020002467300 nmethod 1822 0x0000020070874e90 code [0x0000020070875040, 0x00000200708751e8]
Event: 228.245 Thread 0x0000020002467300 1823       3       java.nio.ByteBuffer::array (35 bytes)
Event: 228.245 Thread 0x0000020002467300 nmethod 1823 0x0000020070875290 code [0x0000020070875460, 0x0000020070875738]
Event: 228.247 Thread 0x0000020002467300 1825       3       java.nio.ByteBuffer::clear (7 bytes)
Event: 228.247 Thread 0x0000020002467300 nmethod 1825 0x0000020070875890 code [0x0000020070875a20, 0x0000020070875b98]
Event: 228.247 Thread 0x0000020002467300 1826       3       java.nio.Buffer::clear (20 bytes)
Event: 228.248 Thread 0x0000020002467300 nmethod 1826 0x0000020070875c90 code [0x0000020070875e20, 0x0000020070875f38]
Event: 228.249 Thread 0x0000020002467300 1827       3       java.lang.StringCoding::implEncodeAsciiArray (47 bytes)
Event: 228.249 Thread 0x0000020002467300 nmethod 1827 0x0000020070876010 code [0x00000200708761c0, 0x0000020070876418]
Event: 228.260 Thread 0x0000020002467300 1831       3       java.lang.invoke.MethodHandleNatives::isCallerSensitive (29 bytes)
Event: 228.261 Thread 0x0000020002467300 nmethod 1831 0x0000020070876590 code [0x0000020070876780, 0x0000020070876d08]

GC Heap History (4 events):
Event: 4.951 GC heap before
{Heap before GC invocations=0 (full 0):
 garbage-first heap   total 65536K, used 22528K [0x00000000fc000000, 0x0000000100000000)
  region size 1024K, 23 young (23552K), 0 survivors (0K)
 Metaspace       used 1825K, committed 1920K, reserved 1114112K
  class space    used 158K, committed 192K, reserved 1048576K
}
Event: 5.065 GC heap after
{Heap after GC invocations=1 (full 0):
 garbage-first heap   total 65536K, used 4060K [0x00000000fc000000, 0x0000000100000000)
  region size 1024K, 3 young (3072K), 3 survivors (3072K)
 Metaspace       used 1825K, committed 1920K, reserved 1114112K
  class space    used 158K, committed 192K, reserved 1048576K
}
Event: 11.805 GC heap before
{Heap before GC invocations=1 (full 0):
 garbage-first heap   total 65536K, used 35804K [0x00000000fc000000, 0x0000000100000000)
  region size 1024K, 30 young (30720K), 3 survivors (3072K)
 Metaspace       used 8097K, committed 8320K, reserved 1114112K
  class space    used 1108K, committed 1216K, reserved 1048576K
}
Event: 11.815 GC heap after
{Heap after GC invocations=2 (full 0):
 garbage-first heap   total 65536K, used 12335K [0x00000000fc000000, 0x0000000100000000)
  region size 1024K, 4 young (4096K), 4 survivors (4096K)
 Metaspace       used 8097K, committed 8320K, reserved 1114112K
  class space    used 1108K, committed 1216K, reserved 1048576K
}

Deoptimization events (20 events):
Event: 13.044 Thread 0x0000020048d468f0 Uncommon trap: trap_request=0xffffff45 fr.pc=0x000002007805d620 relative=0x0000000000000400
Event: 13.044 Thread 0x0000020048d468f0 Uncommon trap: reason=unstable_if action=reinterpret pc=0x000002007805d620 method=java.lang.AbstractStringBuilder.isLatin1()Z @ 10 c2
Event: 13.044 Thread 0x0000020048d468f0 DEOPT PACKING pc=0x000002007805d620 sp=0x000000224d8fefb0
Event: 13.044 Thread 0x0000020048d468f0 DEOPT UNPACKING pc=0x0000020077a923a3 sp=0x000000224d8fef30 mode 2
Event: 76.496 Thread 0x0000020048d468f0 Uncommon trap: trap_request=0xffffff45 fr.pc=0x0000020077feda04 relative=0x0000000000000084
Event: 76.496 Thread 0x0000020048d468f0 Uncommon trap: reason=unstable_if action=reinterpret pc=0x0000020077feda04 method=java.lang.String.codePointAt(I)I @ 4 c2
Event: 76.496 Thread 0x0000020048d468f0 DEOPT PACKING pc=0x0000020077feda04 sp=0x000000224d8fef20
Event: 76.497 Thread 0x0000020048d468f0 DEOPT UNPACKING pc=0x0000020077a923a3 sp=0x000000224d8feeb8 mode 2
Event: 76.595 Thread 0x0000020068c5a1d0 Uncommon trap: trap_request=0xffffff45 fr.pc=0x0000020078079504 relative=0x0000000000000364
Event: 76.595 Thread 0x0000020068c5a1d0 Uncommon trap: reason=unstable_if action=reinterpret pc=0x0000020078079504 method=java.util.HashMap.putVal(ILjava/lang/Object;Ljava/lang/Object;ZZ)Ljava/lang/Object; @ 162 c2
Event: 76.595 Thread 0x0000020068c5a1d0 DEOPT PACKING pc=0x0000020078079504 sp=0x000000224bafb410
Event: 76.595 Thread 0x0000020068c5a1d0 DEOPT UNPACKING pc=0x0000020077a923a3 sp=0x000000224bafb338 mode 2
Event: 76.834 Thread 0x0000020068c5a1d0 Uncommon trap: trap_request=0xffffff45 fr.pc=0x000002007804f990 relative=0x0000000000000430
Event: 76.834 Thread 0x0000020068c5a1d0 Uncommon trap: reason=unstable_if action=reinterpret pc=0x000002007804f990 method=java.util.regex.Matcher.match(II)Z @ 76 c2
Event: 76.834 Thread 0x0000020068c5a1d0 DEOPT PACKING pc=0x000002007804f990 sp=0x000000224bafc660
Event: 76.834 Thread 0x0000020068c5a1d0 DEOPT UNPACKING pc=0x0000020077a923a3 sp=0x000000224bafc618 mode 2
Event: 228.237 Thread 0x0000020068c5a1d0 Uncommon trap: trap_request=0xffffff45 fr.pc=0x000002007808a504 relative=0x00000000000001e4
Event: 228.237 Thread 0x0000020068c5a1d0 Uncommon trap: reason=unstable_if action=reinterpret pc=0x000002007808a504 method=java.net.URI$Parser.scan(IILjava/lang/String;)I @ 26 c2
Event: 228.237 Thread 0x0000020068c5a1d0 DEOPT PACKING pc=0x000002007808a504 sp=0x000000224bafd360
Event: 228.237 Thread 0x0000020068c5a1d0 DEOPT UNPACKING pc=0x0000020077a923a3 sp=0x000000224bafd2f0 mode 2

Classes unloaded (0 events):
No events

Classes redefined (0 events):
No events

Internal exceptions (20 events):
Event: 7.093 Thread 0x0000020068c5a1d0 Exception <a 'java/lang/NoSuchMethodError'{0x00000000ff4dc800}: 'java.lang.Object java.lang.invoke.DirectMethodHandle$Holder.invokeVirtual(java.lang.Object, java.lang.Object, java.lang.Object)'> (0x00000000ff4dc800) 
thrown [s\open\src\hotspot\share\interpreter\linkResolver.cpp, line 759]
Event: 7.500 Thread 0x0000020068c5a1d0 Exception <a 'java/lang/NoSuchMethodError'{0x00000000ff1fd9d0}: 'java.lang.Object java.lang.invoke.DirectMethodHandle$Holder.newInvokeSpecial(java.lang.Object, java.lang.Object, java.lang.Object, java.lang.Object, java.lang.Object)'> (0x00000000ff1fd9d0) 
thrown [s\open\src\hotspot\share\interpreter\linkResolver.cpp, line 759]
Event: 8.004 Thread 0x0000020068c5a1d0 Exception <a 'java/lang/NoSuchMethodError'{0x00000000fed186d8}: 'void java.lang.invoke.DirectMethodHandle$Holder.invokeSpecial(java.lang.Object, java.lang.Object, java.lang.Object)'> (0x00000000fed186d8) 
thrown [s\open\src\hotspot\share\interpreter\linkResolver.cpp, line 759]
Event: 8.029 Thread 0x0000020068c5a1d0 Implicit null exception at 0x0000020078045d0f to 0x0000020078046280
Event: 8.029 Thread 0x0000020068c5a1d0 Implicit null exception at 0x000002007803aa0f to 0x000002007803af98
Event: 8.029 Thread 0x0000020068c5a1d0 Implicit null exception at 0x000002007806160f to 0x0000020078061689
Event: 8.092 Thread 0x0000020068c5a1d0 Exception <a 'java/lang/NoSuchMethodError'{0x00000000fec8d0d0}: 'java.lang.Object java.lang.invoke.DirectMethodHandle$Holder.invokeStaticInit(java.lang.Object)'> (0x00000000fec8d0d0) 
thrown [s\open\src\hotspot\share\interpreter\linkResolver.cpp, line 759]
Event: 8.224 Thread 0x0000020068c5a1d0 Exception <a 'java/lang/NoSuchMethodError'{0x00000000feb315d8}: 'int java.lang.invoke.DirectMethodHandle$Holder.invokeVirtual(java.lang.Object, java.lang.Object, java.lang.Object)'> (0x00000000feb315d8) 
thrown [s\open\src\hotspot\share\interpreter\linkResolver.cpp, line 759]
Event: 8.528 Thread 0x0000020068c5a1d0 Exception <a 'java/lang/NoSuchMethodError'{0x00000000fe987bd8}: 'java.lang.Object java.lang.invoke.DirectMethodHandle$Holder.invokeSpecialIFC(java.lang.Object, java.lang.Object, java.lang.Object, java.lang.Object)'> (0x00000000fe987bd8) 
thrown [s\open\src\hotspot\share\interpreter\linkResolver.cpp, line 759]
Event: 8.957 Thread 0x0000020068c5a1d0 Exception <a 'java/lang/NoSuchMethodError'{0x00000000fe350a58}: 'java.lang.Object java.lang.invoke.DirectMethodHandle$Holder.invokeStaticInit(java.lang.Object, int, int, int, int)'> (0x00000000fe350a58) 
thrown [s\open\src\hotspot\share\interpreter\linkResolver.cpp, line 759]
Event: 9.597 Thread 0x0000020068c5a1d0 Exception <a 'java/lang/NoSuchMethodError'{0x00000000fe37a220}: 'java.lang.Object java.lang.invoke.DirectMethodHandle$Holder.invokeStaticInit(java.lang.Object, java.lang.Object, int, int, int, int)'> (0x00000000fe37a220) 
thrown [s\open\src\hotspot\share\interpreter\linkResolver.cpp, line 759]
Event: 11.700 Thread 0x0000020068c5a1d0 Exception <a 'java/lang/NoSuchMethodError'{0x00000000fe3ae430}: 'void java.lang.invoke.DirectMethodHandle$Holder.invokeStatic(java.lang.Object, java.lang.Object, java.lang.Object)'> (0x00000000fe3ae430) 
thrown [s\open\src\hotspot\share\interpreter\linkResolver.cpp, line 759]
Event: 12.844 Thread 0x0000020048d468f0 Exception <a 'java/lang/NoSuchMethodError'{0x00000000ff88d0f0}: 'void java.lang.invoke.DirectMethodHandle$Holder.invokeStatic(java.lang.Object, long)'> (0x00000000ff88d0f0) 
thrown [s\open\src\hotspot\share\interpreter\linkResolver.cpp, line 759]
Event: 12.845 Thread 0x0000020048d468f0 Exception <a 'java/lang/NoSuchMethodError'{0x00000000ff892a48}: 'java.lang.Object java.lang.invoke.DirectMethodHandle$Holder.newInvokeSpecial(java.lang.Object, long)'> (0x00000000ff892a48) 
thrown [s\open\src\hotspot\share\interpreter\linkResolver.cpp, line 759]
Event: 12.849 Thread 0x0000020048d468f0 Exception <a 'java/lang/NoSuchMethodError'{0x00000000ff89d670}: 'java.lang.Object java.lang.invoke.DirectMethodHandle$Holder.invokeStaticInit(java.lang.Object, java.lang.Object, long, java.lang.Object)'> (0x00000000ff89d670) 
thrown [s\open\src\hotspot\share\interpreter\linkResolver.cpp, line 759]
Event: 12.851 Thread 0x0000020048d468f0 Exception <a 'java/lang/NoSuchMethodError'{0x00000000ff8a3cf8}: 'java.lang.Object java.lang.invoke.DirectMethodHandle$Holder.newInvokeSpecial(java.lang.Object, java.lang.Object, long)'> (0x00000000ff8a3cf8) 
thrown [s\open\src\hotspot\share\interpreter\linkResolver.cpp, line 759]
Event: 12.852 Thread 0x0000020048d468f0 Exception <a 'java/lang/NoSuchMethodError'{0x00000000ff8a7fe8}: 'java.lang.Object java.lang.invoke.Invokers$Holder.linkToTargetMethod(java.lang.Object, long, java.lang.Object)'> (0x00000000ff8a7fe8) 
thrown [s\open\src\hotspot\share\interpreter\linkResolver.cpp, line 759]
Event: 228.211 Thread 0x0000020068c5a1d0 Exception <a 'sun/net/ConnectionResetException'{0x00000000ff56f9a8}: Connection reset> (0x00000000ff56f9a8) 
thrown [s\open\src\hotspot\share\prims\jni.cpp, line 535]
Event: 228.234 Thread 0x0000020068c5a1d0 Exception <a 'java/lang/NoSuchMethodError'{0x00000000ff40aee0}: 'int java.lang.invoke.DirectMethodHandle$Holder.invokeVirtual(java.lang.Object, java.lang.Object)'> (0x00000000ff40aee0) 
thrown [s\open\src\hotspot\share\interpreter\linkResolver.cpp, line 759]
Event: 228.238 Thread 0x0000020068c5a1d0 Exception <a 'java/io/IOException'{0x00000000ff416930}: Connection reset by peer> (0x00000000ff416930) 
thrown [s\open\src\hotspot\share\prims\jni.cpp, line 535]

VM Operations (20 events):
Event: 78.097 Executing VM operation: Cleanup
Event: 78.097 Executing VM operation: Cleanup done
Event: 138.595 Executing VM operation: HandshakeAllThreads
Event: 138.595 Executing VM operation: HandshakeAllThreads done
Event: 145.646 Executing VM operation: Cleanup
Event: 145.646 Executing VM operation: Cleanup done
Event: 192.020 Executing VM operation: Cleanup
Event: 192.020 Executing VM operation: Cleanup done
Event: 194.039 Executing VM operation: Cleanup
Event: 194.039 Executing VM operation: Cleanup done
Event: 210.183 Executing VM operation: Cleanup
Event: 210.183 Executing VM operation: Cleanup done
Event: 221.301 Executing VM operation: Cleanup
Event: 221.301 Executing VM operation: Cleanup done
Event: 222.312 Executing VM operation: Cleanup
Event: 222.312 Executing VM operation: Cleanup done
Event: 228.253 Executing VM operation: HandshakeAllThreads
Event: 228.253 Executing VM operation: HandshakeAllThreads done
Event: 228.253 Executing VM operation: Cleanup
Event: 228.253 Executing VM operation: Cleanup done

Events (20 events):
Event: 228.218 loading class sun/nio/fs/WindowsChannelFactory
Event: 228.218 loading class sun/nio/fs/WindowsChannelFactory done
Event: 228.218 loading class sun/nio/fs/WindowsChannelFactory$1
Event: 228.218 loading class sun/nio/fs/WindowsChannelFactory$1 done
Event: 228.218 loading class sun/nio/fs/WindowsChannelFactory$Flags
Event: 228.218 loading class sun/nio/fs/WindowsChannelFactory$Flags done
Event: 228.218 loading class sun/nio/fs/WindowsChannelFactory$2
Event: 228.219 loading class sun/nio/fs/WindowsChannelFactory$2 done
Event: 228.220 loading class sun/nio/ch/FileChannelImpl$Closer
Event: 228.220 loading class sun/nio/ch/FileChannelImpl$Closer done
Event: 228.222 loading class java/util/stream/Streams$1
Event: 228.222 loading class java/util/stream/Streams$1 done
Event: 228.229 loading class java/nio/file/FileChannelLinesSpliterator$1
Event: 228.229 loading class java/nio/file/FileChannelLinesSpliterator$1 done
Event: 228.229 loading class java/nio/channels/Channels
Event: 228.229 loading class java/nio/channels/Channels done
Event: 228.240 loading class java/util/concurrent/ConcurrentLinkedQueue$Itr
Event: 228.241 loading class java/util/concurrent/ConcurrentLinkedQueue$Itr done
Event: 228.241 loading class java/lang/invoke/MethodHandle$1
Event: 228.241 loading class java/lang/invoke/MethodHandle$1 done


Dynamic libraries:
0x00007ff6079f0000 - 0x00007ff607a00000 	C:\Program Files\Java\jdk-17\bin\java.exe
0x00007ffebea30000 - 0x00007ffebec28000 	C:\Windows\SYSTEM32\ntdll.dll
0x00007ffebd4d0000 - 0x00007ffebd592000 	C:\Windows\System32\KERNEL32.DLL
0x00007ffebc570000 - 0x00007ffebc86e000 	C:\Windows\System32\KERNELBASE.dll
0x00007ffebc950000 - 0x00007ffebca50000 	C:\Windows\System32\ucrtbase.dll
0x00007ffeb5a60000 - 0x00007ffeb5a79000 	C:\Program Files\Java\jdk-17\bin\jli.dll
0x00007ffebda60000 - 0x00007ffebdb12000 	C:\Windows\System32\ADVAPI32.dll
0x00007ffebdc50000 - 0x00007ffebdcee000 	C:\Windows\System32\msvcrt.dll
0x00007ffebd8e0000 - 0x00007ffebd980000 	C:\Windows\System32\sechost.dll
0x00007ffebdcf0000 - 0x00007ffebde13000 	C:\Windows\System32\RPCRT4.dll
0x00007ffebc290000 - 0x00007ffebc2b7000 	C:\Windows\System32\bcrypt.dll
0x00007ffebcab0000 - 0x00007ffebcc4d000 	C:\Windows\System32\USER32.dll
0x00007ffebc870000 - 0x00007ffebc892000 	C:\Windows\System32\win32u.dll
0x00007ffebde20000 - 0x00007ffebde4b000 	C:\Windows\System32\GDI32.dll
0x00007ffebc0d0000 - 0x00007ffebc1e7000 	C:\Windows\System32\gdi32full.dll
0x00007ffebc1f0000 - 0x00007ffebc28d000 	C:\Windows\System32\msvcp_win.dll
0x00007ffea7a70000 - 0x00007ffea7a8b000 	C:\Program Files\Java\jdk-17\bin\VCRUNTIME140.dll
0x00007ffea3180000 - 0x00007ffea341a000 	C:\Windows\WinSxS\amd64_microsoft.windows.common-controls_6595b64144ccf1df_6.0.19041.4355_none_60b8b9eb71f62e16\COMCTL32.dll
0x00007ffeb9ba0000 - 0x00007ffeb9baa000 	C:\Windows\SYSTEM32\VERSION.dll
0x00007ffebda30000 - 0x00007ffebda5f000 	C:\Windows\System32\IMM32.DLL
0x00007ffeb5ba0000 - 0x00007ffeb5bac000 	C:\Program Files\Java\jdk-17\bin\vcruntime140_1.dll
0x00007ffe747b0000 - 0x00007ffe7483e000 	C:\Program Files\Java\jdk-17\bin\msvcp140.dll
0x00007ffe0fb80000 - 0x00007ffe1075f000 	C:\Program Files\Java\jdk-17\bin\server\jvm.dll
0x00007ffebdf40000 - 0x00007ffebdf48000 	C:\Windows\System32\PSAPI.DLL
0x00007ffeb0a00000 - 0x00007ffeb0a09000 	C:\Windows\SYSTEM32\WSOCK32.dll
0x00007ffebd660000 - 0x00007ffebd6cb000 	C:\Windows\System32\WS2_32.dll
0x00007ffea5020000 - 0x00007ffea5047000 	C:\Windows\SYSTEM32\WINMM.dll
0x00007ffeba8b0000 - 0x00007ffeba8c2000 	C:\Windows\SYSTEM32\kernel.appcore.dll
0x00007ffeb5b80000 - 0x00007ffeb5b8a000 	C:\Program Files\Java\jdk-17\bin\jimage.dll
0x00007ffeb9820000 - 0x00007ffeb9a04000 	C:\Windows\SYSTEM32\DBGHELP.DLL
0x00007ffeabbe0000 - 0x00007ffeabc14000 	C:\Windows\SYSTEM32\dbgcore.DLL
0x00007ffebc2c0000 - 0x00007ffebc342000 	C:\Windows\System32\bcryptPrimitives.dll
0x00007ffe9ff60000 - 0x00007ffe9ff85000 	C:\Program Files\Java\jdk-17\bin\java.dll
0x00007ffe58520000 - 0x00007ffe585f7000 	C:\Program Files\Java\jdk-17\bin\jsvml.dll
0x00007ffebcc50000 - 0x00007ffebd3bf000 	C:\Windows\System32\SHELL32.dll
0x00007ffeba0f0000 - 0x00007ffeba894000 	C:\Windows\SYSTEM32\windows.storage.dll
0x00007ffebe570000 - 0x00007ffebe8c3000 	C:\Windows\System32\combase.dll
0x00007ffebb950000 - 0x00007ffebb97e000 	C:\Windows\SYSTEM32\Wldp.dll
0x00007ffebd810000 - 0x00007ffebd8dd000 	C:\Windows\System32\OLEAUT32.dll
0x00007ffebd3c0000 - 0x00007ffebd46d000 	C:\Windows\System32\SHCORE.dll
0x00007ffebca50000 - 0x00007ffebcaa5000 	C:\Windows\System32\shlwapi.dll
0x00007ffebc000000 - 0x00007ffebc024000 	C:\Windows\SYSTEM32\profapi.dll
0x00007ffea7a50000 - 0x00007ffea7a69000 	C:\Program Files\Java\jdk-17\bin\net.dll
0x00007ffeb7bc0000 - 0x00007ffeb7ccd000 	C:\Windows\SYSTEM32\WINHTTP.dll
0x00007ffebb730000 - 0x00007ffebb79a000 	C:\Windows\system32\mswsock.dll
0x00007ffea0010000 - 0x00007ffea0026000 	C:\Program Files\Java\jdk-17\bin\nio.dll
0x00007ffe9ff40000 - 0x00007ffe9ff58000 	C:\Program Files\Java\jdk-17\bin\zip.dll
0x00007ffeb57a0000 - 0x00007ffeb57b0000 	C:\Program Files\Java\jdk-17\bin\verify.dll
0x00007ffeb50f0000 - 0x00007ffeb5117000 	C:\Users\ESHOP\.gradle\native\c067742578af261105cb4f569cf0c3c89f3d7b1fecec35dd04571415982c5e48\windows-amd64\native-platform.dll
0x00007ffea0b00000 - 0x00007ffea0b0a000 	C:\Program Files\Java\jdk-17\bin\management.dll
0x00007ffe9ff30000 - 0x00007ffe9ff3b000 	C:\Program Files\Java\jdk-17\bin\management_ext.dll
0x00007ffebb990000 - 0x00007ffebb9a8000 	C:\Windows\SYSTEM32\CRYPTSP.dll
0x00007ffebb070000 - 0x00007ffebb0a4000 	C:\Windows\system32\rsaenh.dll
0x00007ffebbfc0000 - 0x00007ffebbfee000 	C:\Windows\SYSTEM32\USERENV.dll
0x00007ffebb8c0000 - 0x00007ffebb8cc000 	C:\Windows\SYSTEM32\CRYPTBASE.dll
0x00007ffebb430000 - 0x00007ffebb46b000 	C:\Windows\SYSTEM32\IPHLPAPI.DLL
0x00007ffebde50000 - 0x00007ffebde58000 	C:\Windows\System32\NSI.dll
0x00007ffeb4a60000 - 0x00007ffeb4a77000 	C:\Windows\SYSTEM32\dhcpcsvc6.DLL
0x00007ffeb47f0000 - 0x00007ffeb480d000 	C:\Windows\SYSTEM32\dhcpcsvc.DLL
0x00007ffebb470000 - 0x00007ffebb53a000 	C:\Windows\SYSTEM32\DNSAPI.dll
0x00007ffe9e1a0000 - 0x00007ffe9e1ae000 	C:\Program Files\Java\jdk-17\bin\sunmscapi.dll
0x00007ffebc3c0000 - 0x00007ffebc51c000 	C:\Windows\System32\CRYPT32.dll
0x00007ffebbb00000 - 0x00007ffebbb27000 	C:\Windows\SYSTEM32\ncrypt.dll
0x00007ffebbac0000 - 0x00007ffebbafb000 	C:\Windows\SYSTEM32\NTASN1.dll
0x00007ffea0e40000 - 0x00007ffea0e47000 	C:\Windows\system32\wshunix.dll

dbghelp: loaded successfully - version: 4.0.5 - missing functions: none
symbol engine: initialized successfully - sym options: 0x614 - pdb path: .;C:\Program Files\Java\jdk-17\bin;C:\Windows\SYSTEM32;C:\Windows\WinSxS\amd64_microsoft.windows.common-controls_6595b64144ccf1df_6.0.19041.4355_none_60b8b9eb71f62e16;C:\Program Files\Java\jdk-17\bin\server;C:\Users\ESHOP\.gradle\native\c067742578af261105cb4f569cf0c3c89f3d7b1fecec35dd04571415982c5e48\windows-amd64

VM Arguments:
jvm_args: -Xmx64m -Xms64m -Dorg.gradle.appname=gradlew 
java_command: org.gradle.wrapper.GradleWrapperMain app:installDebug -PreactNativeDevServerPort=8081
java_class_path (initial): C:\Users\ESHOP\Desktop\MediConnect\android\\gradle\wrapper\gradle-wrapper.jar
Launcher Type: SUN_STANDARD

[Global flags]
     intx CICompilerCount                          = 4                                         {product} {ergonomic}
     uint ConcGCThreads                            = 2                                         {product} {ergonomic}
     uint G1ConcRefinementThreads                  = 8                                         {product} {ergonomic}
   size_t G1HeapRegionSize                         = 1048576                                   {product} {ergonomic}
    uintx GCDrainStackTargetSize                   = 64                                        {product} {ergonomic}
   size_t InitialHeapSize                          = 67108864                                  {product} {command line}
   size_t MarkStackSize                            = 4194304                                   {product} {ergonomic}
   size_t MaxHeapSize                              = 67108864                                  {product} {command line}
   size_t MaxNewSize                               = 39845888                                  {product} {ergonomic}
   size_t MinHeapDeltaBytes                        = 1048576                                   {product} {ergonomic}
   size_t MinHeapSize                              = 67108864                                  {product} {command line}
    uintx NonNMethodCodeHeapSize                   = 5839372                                {pd product} {ergonomic}
    uintx NonProfiledCodeHeapSize                  = 122909434                              {pd product} {ergonomic}
    uintx ProfiledCodeHeapSize                     = 122909434                              {pd product} {ergonomic}
    uintx ReservedCodeCacheSize                    = 251658240                              {pd product} {ergonomic}
     bool SegmentedCodeCache                       = true                                      {product} {ergonomic}
   size_t SoftMaxHeapSize                          = 67108864                               {manageable} {ergonomic}
     bool UseCompressedClassPointers               = true                           {product lp64_product} {ergonomic}
     bool UseCompressedOops                        = true                           {product lp64_product} {ergonomic}
     bool UseG1GC                                  = true                                      {product} {ergonomic}
     bool UseLargePagesIndividualAllocation        = false                                  {pd product} {ergonomic}

Logging:
Log output configuration:
 #0: stdout all=warning uptime,level,tags
 #1: stderr all=off uptime,level,tags

Environment Variables:
JAVA_HOME=C:\Program Files\Java\jdk-17
CLASSPATH=C:\Users\ESHOP\Desktop\MediConnect\android\\gradle\wrapper\gradle-wrapper.jar
PATH=C:\Users\ESHOP\Desktop\MediConnect\node_modules\.bin;C:\Users\ESHOP\Desktop\MediConnect\node_modules\.bin;C:\Users\ESHOP\Desktop\node_modules\.bin;C:\Users\ESHOP\node_modules\.bin;C:\Users\node_modules\.bin;C:\node_modules\.bin;C:\Program Files\nodejs\node_modules\npm\node_modules\@npmcli\run-script\lib\node-gyp-bin;C:\Users\ESHOP\Desktop\MediConnect\node_modules\.bin;C:\Users\ESHOP\Desktop\MediConnect\node_modules\.bin;C:\Users\ESHOP\Desktop\node_modules\.bin;C:\Users\ESHOP\node_modules\.bin;C:\Users\node_modules\.bin;C:\node_modules\.bin;C:\Program Files\nodejs\node_modules\npm\node_modules\@npmcli\run-script\lib\node-gyp-bin;C:\Program Files\Common Files\Oracle\Java\javapath;C:\Windows\system32;C:\Windows;C:\Windows\System32\Wbem;C:\Windows\System32\WindowsPowerShell\v1.0\;C:\Windows\System32\OpenSSH\;C:\Program Files\Git\cmd;C:\Program Files\nodejs\;C:\Program Files\MongoDB\Server\7.0\bin;C:\Users\ESHOP\AppData\Local\Android\Sdk\platform-tools;C:\Program Files\Java\jdk-17\bin;C:\Users\ESHOP\AppData\Local\Microsoft\WindowsApps;C:\Users\ESHOP\AppData\Local\Programs\Microsoft VS Code\bin;C:\Users\ESHOP\AppData\Roaming\npm;C:\Users\ESHOP\AppData\Local\Programs\mongosh\;C:\Users\ESHOP\AppData\Local\Android\Sdk;C:\Users\ESHOP\AppData\Local\Android\Sdk\platform-tools;C:\Users\ESHOP\AppData\Local\Android\Sdk\emulator;C:\Users\ESHOP\AppData\Local\Android\Sdk\cmdline-tools\latest;C:\Users\ESHOP\AppData\Local\Android\Sdk\cmdline-tools\latest\bin;C:\Users\ESHOP\AppData\Local\Android\Sdk\cmdline-tools
USERNAME=ESHOP
OS=Windows_NT
PROCESSOR_IDENTIFIER=Intel64 Family 6 Model 142 Stepping 12, GenuineIntel



---------------  S Y S T E M  ---------------

OS:
 Windows 10 , 64 bit Build 19041 (10.0.19041.4957)
OS uptime: 2 days 8:22 hours
Hyper-V role detected

CPU: total 8 (initial active 8) (4 cores per cpu, 2 threads per core) family 6 model 142 stepping 12 microcode 0xf6, cx8, cmov, fxsr, ht, mmx, 3dnowpref, sse, sse2, sse3, ssse3, sse4.1, sse4.2, popcnt, lzcnt, tsc, tscinvbit, avx, avx2, aes, erms, clmul, bmi1, bmi2, adx, fma, vzeroupper, clflush, clflushopt, hv

Memory: 4k page, system-wide physical 16198M (328M free)
TotalPageFile size 22790M (AvailPageFile size 4M)
current process WorkingSet (physical memory assigned to process): 102M, peak: 103M
current process commit charge ("private bytes"): 167M, peak: 169M

vm_info: Java HotSpot(TM) 64-Bit Server VM (17.0.10+11-LTS-240) for windows-amd64 JRE (17.0.10+11-LTS-240), built on Dec 19 2023 21:47:25 by "mach5one" with MS VC++ 17.1 (VS2022)

END.
